Mono path[0] = 'D:/Coop/Coop/Server/Coop_Data/Managed'
Mono config path = 'D:/Coop/Coop/Server/MonoBleedingEdge/etc'
PlayerConnection initialized from D:/Coop/Coop/Server/Coop_Data (debug = 0)
PlayerConnection initialized network socket : 0.0.0.0 55263
Multi-casting "[IP] 192.168.29.30 [Port] 55263 [Flags] 2 [Guid] 1905852596 [EditorId] 4233863546 [Version] 1048832 [Id] WindowsPlayer(DESKTOP-8BD2QQT) [Debug] 0 [PackageName] WindowsPlayer [ProjectName] Coop" to [225.0.0.222:54997]...
Started listening to [0.0.0.0:55263]
PlayerConnection already initialized - listening to [0.0.0.0:55263]
Initialize engine version: 2020.3.25f1 (9b9180224418)
[Subsystems] Discovering subsystems at path D:/Coop/Coop/Server/Coop_Data/UnitySubsystems
Forcing GfxDevice: Null
GfxDevice: creating device client; threaded=0
NullGfxDevice:
    Version:  NULL 1.0 [1.0]
    Renderer: Null Device
    Vendor:   Unity Technologies
Begin MonoManager ReloadAssembly
- Completed reload, in  0.091 seconds
ERROR: Shader Sprites/Default shader is not supported on this GPU (none of subshaders/fallbacks are suitable)
Microsoft Media Foundation video decoding to texture disabled: graphics device is Null, only Direct3D 11 and Direct3D 12 (only on desktop) are supported for hardware-accelerated video decoding.
ERROR: Shader Sprites/Mask shader is not supported on this GPU (none of subshaders/fallbacks are suitable)
ERROR: Shader Legacy Shaders/VertexLit shader is not supported on this GPU (none of subshaders/fallbacks are suitable)
WARNING: Shader Unsupported: 'Autodesk Interactive' - All subshaders removed
WARNING: Shader Did you use #pragma only_renderers and omit this platform?
WARNING: Shader If subshaders removal was intentional, you may have forgotten turning Fallback off?
ERROR: Shader Autodesk Interactive shader is not supported on this GPU (none of subshaders/fallbacks are suitable)
WARNING: Shader Unsupported: 'Autodesk Interactive' - All subshaders removed
WARNING: Shader Did you use #pragma only_renderers and omit this platform?
WARNING: Shader If subshaders removal was intentional, you may have forgotten turning Fallback off?
WARNING: Shader Unsupported: 'Standard' - All subshaders removed
WARNING: Shader Did you use #pragma only_renderers and omit this platform?
WARNING: Shader If subshaders removal was intentional, you may have forgotten turning Fallback off?
ERROR: Shader Standard shader is not supported on this GPU (none of subshaders/fallbacks are suitable)
WARNING: Shader Unsupported: 'Standard' - All subshaders removed
WARNING: Shader Did you use #pragma only_renderers and omit this platform?
WARNING: Shader If subshaders removal was intentional, you may have forgotten turning Fallback off?
WARNING: Shader Unsupported: 'Legacy Shaders/Diffuse' - All subshaders removed
WARNING: Shader Did you use #pragma only_renderers and omit this platform?
WARNING: Shader If subshaders removal was intentional, you may have forgotten turning Fallback off?
ERROR: Shader Legacy Shaders/Diffuse shader is not supported on this GPU (none of subshaders/fallbacks are suitable)
WARNING: Shader Unsupported: 'Legacy Shaders/Diffuse' - All subshaders removed
WARNING: Shader Did you use #pragma only_renderers and omit this platform?
WARNING: Shader If subshaders removal was intentional, you may have forgotten turning Fallback off?
WARNING: Shader Unsupported: 'ML-Agents/GridPattern' - All subshaders removed
WARNING: Shader Did you use #pragma only_renderers and omit this platform?
WARNING: Shader If subshaders removal was intentional, you may have forgotten turning Fallback off?
ERROR: Shader ML-Agents/GridPattern shader is not supported on this GPU (none of subshaders/fallbacks are suitable)
WARNING: Shader Unsupported: 'ML-Agents/GridPattern' - All subshaders removed
WARNING: Shader Did you use #pragma only_renderers and omit this platform?
WARNING: Shader If subshaders removal was intentional, you may have forgotten turning Fallback off?
UnloadTime: 0.636900 ms
Fallback handler could not load library D:/Coop/Coop/Server/Coop_Data/Mono/libcoreclr.so
Fallback handler could not load library D:/Coop/Coop/Server/Coop_Data/Mono/libcoreclr.so.dll
Fallback handler could not load library D:/Coop/Coop/Server/Coop_Data/Mono/libcoreclr.so
Fallback handler could not load library D:/Coop/Coop/Server/Coop_Data/Mono/libdl.so
Fallback handler could not load library D:/Coop/Coop/Server/Coop_Data/Mono/libdl.so.dll
Fallback handler could not load library D:/Coop/Coop/Server/Coop_Data/Mono/libdl.so
Fallback handler could not load library D:/Coop/Coop/Server/Coop_Data/Mono/libSystem.dylib
Fallback handler could not load library D:/Coop/Coop/Server/Coop_Data/Mono/libSystem.dylib.dll
Fallback handler could not load library D:/Coop/Coop/Server/Coop_Data/Mono/libSystem.dylib
Fallback handler could not load library D:/Coop/Coop/Server/Coop_Data/Mono/libcoreclr.so
Fallback handler could not load library D:/Coop/Coop/Server/Coop_Data/Mono/libcoreclr.so.dll
Fallback handler could not load library D:/Coop/Coop/Server/Coop_Data/Mono/libcoreclr.so
Fallback handler could not load library D:/Coop/Coop/Server/Coop_Data/Mono/libdl.so
Fallback handler could not load library D:/Coop/Coop/Server/Coop_Data/Mono/libdl.so.dll
Fallback handler could not load library D:/Coop/Coop/Server/Coop_Data/Mono/libdl.so
Fallback handler could not load library D:/Coop/Coop/Server/Coop_Data/Mono/libSystem.dylib
Fallback handler could not load library D:/Coop/Coop/Server/Coop_Data/Mono/libSystem.dylib.dll
Fallback handler could not load library D:/Coop/Coop/Server/Coop_Data/Mono/libSystem.dylib
failed to get 100ns ticks
Setting up 10 worker threads for Enlighten.
  Thread -> id: 5d9c -> priority: 1 
  Thread -> id: 6d28 -> priority: 1 
  Thread -> id: 6b3c -> priority: 1 
  Thread -> id: 7190 -> priority: 1 
  Thread -> id: 73c0 -> priority: 1 
  Thread -> id: 3dcc -> priority: 1 
  Thread -> id: 5dc8 -> priority: 1 
  Thread -> id: 4b2c -> priority: 1 
  Thread -> id: 6994 -> priority: 1 
  Thread -> id: 2368 -> priority: 1 
##utp:{"type":"MemoryLeaks","version":2,"phase":"Immediate","time":1655293352421,"processId":5668,"allocatedMemory":7686,"memoryLabels":[{"Permanent":40},{"NewDelete":280},{"Thread":72},{"Manager":2064},{"Shader":1280},{"GfxDevice":72},{"Serialization":40},{"WebCam":32},{"String":262},{"HashMap":1536},{"PoolAlloc":56},{"GI":296},{"VR":1560},{"Subsystems":96}]}
